2020-02-03 07:46:14.424  INFO 3136 --- [restartedMain] l.t.community.CommunityApplication       : Starting CommunityApplication on YX with PID 3136 (D:\Study\workspace_idea1\community\target\classes started by WLJ in D:\Study\workspace_idea1\community)
2020-02-03 07:46:14.455  INFO 3136 --- [restartedMain] l.t.community.CommunityApplication       : No active profile set, falling back to default profiles: default
2020-02-03 07:46:14.611  INFO 3136 --- [restartedMain] .e.DevToolsPropertyDefaultsPostProcessor : Devtools property defaults active! Set 'spring.devtools.add-properties' to 'false' to disable
2020-02-03 07:46:14.611  INFO 3136 --- [restartedMain] .e.DevToolsPropertyDefaultsPostProcessor : For additional web related logging consider setting the 'logging.level.web' property to 'DEBUG'
2020-02-03 07:46:17.431  INFO 3136 --- [restartedMain] o.s.b.w.embedded.tomcat.TomcatWebServer  : Tomcat initialized with port(s): 8887 (http)
2020-02-03 07:46:17.446  INFO 3136 --- [restartedMain] o.apache.catalina.core.StandardService   : Starting service [Tomcat]
2020-02-03 07:46:17.446  INFO 3136 --- [restartedMain] org.apache.catalina.core.StandardEngine  : Starting Servlet engine: [Apache Tomcat/9.0.30]
2020-02-03 07:46:17.446  INFO 3136 --- [restartedMain] o.a.catalina.core.AprLifecycleListener   : Loaded APR based Apache Tomcat Native library [1.2.23] using APR version [1.7.0].
2020-02-03 07:46:17.446  INFO 3136 --- [restartedMain] o.a.catalina.core.AprLifecycleListener   : APR capabilities: IPv6 [true], sendfile [true], accept filters [false], random [true].
2020-02-03 07:46:17.446  INFO 3136 --- [restartedMain] o.a.catalina.core.AprLifecycleListener   : APR/OpenSSL configuration: useAprConnector [false], useOpenSSL [true]
2020-02-03 07:46:17.540  INFO 3136 --- [restartedMain] o.a.catalina.core.AprLifecycleListener   : OpenSSL successfully initialized [OpenSSL 1.1.1c  28 May 2019]
2020-02-03 07:46:17.713  INFO 3136 --- [restartedMain] o.a.c.c.C.[Tomcat].[localhost].[/]       : Initializing Spring embedded WebApplicationContext
2020-02-03 07:46:17.713  INFO 3136 --- [restartedMain] o.s.web.context.ContextLoader            : Root WebApplicationContext: initialization completed in 3102 ms
2020-02-03 07:46:17.807  INFO 3136 --- [restartedMain] com.zaxxer.hikari.HikariDataSource       : HikariPool-1 - Starting...
2020-02-03 07:46:18.588  INFO 3136 --- [restartedMain] com.zaxxer.hikari.HikariDataSource       : HikariPool-1 - Start completed.
2020-02-03 07:46:18.603  INFO 3136 --- [restartedMain] o.s.b.a.h2.H2ConsoleAutoConfiguration    : H2 console available at '/h2-console'. Database available at 'jdbc:h2:~/community'
2020-02-03 07:46:20.133  INFO 3136 --- [restartedMain] o.s.s.concurrent.ThreadPoolTaskExecutor  : Initializing ExecutorService 'applicationTaskExecutor'
2020-02-03 07:46:20.227  INFO 3136 --- [restartedMain] o.s.b.a.w.s.WelcomePageHandlerMapping    : Adding welcome page template: index
2020-02-03 07:46:20.477  INFO 3136 --- [restartedMain] o.s.s.c.ThreadPoolTaskScheduler          : Initializing ExecutorService 'taskScheduler'
2020-02-03 07:46:21.070  INFO 3136 --- [restartedMain] o.s.b.d.a.OptionalLiveReloadServer       : LiveReload server is running on port 35729
2020-02-03 07:46:21.102  INFO 3136 --- [scheduling-1] l.t.community.schedule.HotTagTasks       : hotTagSchedule start Mon Feb 03 07:46:21 CST 2020
2020-02-03 07:46:21.148  INFO 3136 --- [restartedMain] o.s.b.w.embedded.tomcat.TomcatWebServer  : Tomcat started on port(s): 8887 (http) with context path ''
2020-02-03 07:46:21.148  INFO 3136 --- [restartedMain] l.t.community.CommunityApplication       : Started CommunityApplication in 7.404 seconds (JVM running for 9.427)
2020-02-03 07:46:21.211  INFO 3136 --- [scheduling-1] l.t.community.schedule.HotTagTasks       : hotTagSchedule stop Mon Feb 03 07:46:21 CST 2020
2020-02-03 07:46:36.289  INFO 3136 --- [http-nio-8887-exec-1] o.a.c.c.C.[Tomcat].[localhost].[/]       : Initializing Spring DispatcherServlet 'dispatcherServlet'
2020-02-03 07:46:36.289  INFO 3136 --- [http-nio-8887-exec-1] o.s.web.servlet.DispatcherServlet        : Initializing Servlet 'dispatcherServlet'
2020-02-03 07:46:36.295  INFO 3136 --- [http-nio-8887-exec-1] o.s.web.servlet.DispatcherServlet        : Completed initialization in 6 ms
2020-02-03 07:57:12.903  INFO 3136 --- [Thread-22] o.s.s.c.ThreadPoolTaskScheduler          : Shutting down ExecutorService 'taskScheduler'
2020-02-03 07:57:12.903  INFO 3136 --- [Thread-22] o.s.s.concurrent.ThreadPoolTaskExecutor  : Shutting down ExecutorService 'applicationTaskExecutor'
2020-02-03 07:57:12.903  INFO 3136 --- [Thread-22] com.zaxxer.hikari.HikariDataSource       : HikariPool-1 - Shutdown initiated...
2020-02-03 07:57:12.918  INFO 3136 --- [Thread-22] com.zaxxer.hikari.HikariDataSource       : HikariPool-1 - Shutdown completed.
