2020-02-01 15:50:11.160  INFO 15948 --- [restartedMain] l.t.community.CommunityApplication       : Starting CommunityApplication on YX with PID 15948 (D:\Study\workspace_idea1\community\target\classes started by WLJ in D:\Study\workspace_idea1\community)
2020-02-01 15:50:11.160  INFO 15948 --- [restartedMain] l.t.community.CommunityApplication       : No active profile set, falling back to default profiles: default
2020-02-01 15:50:11.537  INFO 15948 --- [restartedMain] o.s.b.w.embedded.tomcat.TomcatWebServer  : Tomcat initialized with port(s): 8887 (http)
2020-02-01 15:50:11.538  INFO 15948 --- [restartedMain] o.apache.catalina.core.StandardService   : Starting service [Tomcat]
2020-02-01 15:50:11.539  INFO 15948 --- [restartedMain] org.apache.catalina.core.StandardEngine  : Starting Servlet engine: [Apache Tomcat/9.0.30]
2020-02-01 15:50:11.541  INFO 15948 --- [restartedMain] o.a.catalina.core.AprLifecycleListener   : Loaded APR based Apache Tomcat Native library [1.2.23] using APR version [1.7.0].
2020-02-01 15:50:11.541  INFO 15948 --- [restartedMain] o.a.catalina.core.AprLifecycleListener   : APR capabilities: IPv6 [true], sendfile [true], accept filters [false], random [true].
2020-02-01 15:50:11.541  INFO 15948 --- [restartedMain] o.a.catalina.core.AprLifecycleListener   : APR/OpenSSL configuration: useAprConnector [false], useOpenSSL [true]
2020-02-01 15:50:11.541  INFO 15948 --- [restartedMain] o.a.catalina.core.AprLifecycleListener   : OpenSSL successfully initialized [OpenSSL 1.1.1c  28 May 2019]
2020-02-01 15:50:11.565  INFO 15948 --- [restartedMain] o.a.c.c.C.[Tomcat].[localhost].[/]       : Initializing Spring embedded WebApplicationContext
2020-02-01 15:50:11.565  INFO 15948 --- [restartedMain] o.s.web.context.ContextLoader            : Root WebApplicationContext: initialization completed in 402 ms
2020-02-01 15:50:11.582  INFO 15948 --- [restartedMain] com.zaxxer.hikari.HikariDataSource       : HikariPool-4 - Starting...
2020-02-01 15:50:11.589  INFO 15948 --- [restartedMain] com.zaxxer.hikari.HikariDataSource       : HikariPool-4 - Start completed.
2020-02-01 15:50:11.590  INFO 15948 --- [restartedMain] o.s.b.a.h2.H2ConsoleAutoConfiguration    : H2 console available at '/h2-console'. Database available at 'jdbc:h2:~/community'
2020-02-01 15:50:11.748  INFO 15948 --- [restartedMain] o.s.s.concurrent.ThreadPoolTaskExecutor  : Initializing ExecutorService 'applicationTaskExecutor'
2020-02-01 15:50:11.764  INFO 15948 --- [restartedMain] o.s.b.a.w.s.WelcomePageHandlerMapping    : Adding welcome page template: index
2020-02-01 15:50:11.879  INFO 15948 --- [restartedMain] o.s.b.d.a.OptionalLiveReloadServer       : LiveReload server is running on port 35729
2020-02-01 15:50:11.895  INFO 15948 --- [restartedMain] o.s.b.w.embedded.tomcat.TomcatWebServer  : Tomcat started on port(s): 8887 (http) with context path ''
2020-02-01 15:50:11.896  INFO 15948 --- [restartedMain] l.t.community.CommunityApplication       : Started CommunityApplication in 0.941 seconds (JVM running for 3017.22)
2020-02-01 15:50:11.898  INFO 15948 --- [restartedMain] .ConditionEvaluationDeltaLoggingListener : Condition evaluation unchanged
2020-02-01 15:50:35.892  INFO 20440 --- [restartedMain] l.t.community.CommunityApplication       : Starting CommunityApplication on YX with PID 20440 (D:\Study\workspace_idea1\community\target\classes started by WLJ in D:\Study\workspace_idea1\community)
2020-02-01 15:50:35.896  INFO 20440 --- [restartedMain] l.t.community.CommunityApplication       : No active profile set, falling back to default profiles: default
2020-02-01 15:50:35.958  INFO 20440 --- [restartedMain] .e.DevToolsPropertyDefaultsPostProcessor : Devtools property defaults active! Set 'spring.devtools.add-properties' to 'false' to disable
2020-02-01 15:50:35.959  INFO 20440 --- [restartedMain] .e.DevToolsPropertyDefaultsPostProcessor : For additional web related logging consider setting the 'logging.level.web' property to 'DEBUG'
2020-02-01 15:50:37.281  INFO 20440 --- [restartedMain] o.s.b.w.embedded.tomcat.TomcatWebServer  : Tomcat initialized with port(s): 8887 (http)
2020-02-01 15:50:37.290  INFO 20440 --- [restartedMain] o.apache.catalina.core.StandardService   : Starting service [Tomcat]
2020-02-01 15:50:37.290  INFO 20440 --- [restartedMain] org.apache.catalina.core.StandardEngine  : Starting Servlet engine: [Apache Tomcat/9.0.30]
2020-02-01 15:50:37.292  INFO 20440 --- [restartedMain] o.a.catalina.core.AprLifecycleListener   : Loaded APR based Apache Tomcat Native library [1.2.23] using APR version [1.7.0].
2020-02-01 15:50:37.292  INFO 20440 --- [restartedMain] o.a.catalina.core.AprLifecycleListener   : APR capabilities: IPv6 [true], sendfile [true], accept filters [false], random [true].
2020-02-01 15:50:37.292  INFO 20440 --- [restartedMain] o.a.catalina.core.AprLifecycleListener   : APR/OpenSSL configuration: useAprConnector [false], useOpenSSL [true]
2020-02-01 15:50:37.297  INFO 20440 --- [restartedMain] o.a.catalina.core.AprLifecycleListener   : OpenSSL successfully initialized [OpenSSL 1.1.1c  28 May 2019]
2020-02-01 15:50:37.410  INFO 20440 --- [restartedMain] o.a.c.c.C.[Tomcat].[localhost].[/]       : Initializing Spring embedded WebApplicationContext
2020-02-01 15:50:37.411  INFO 20440 --- [restartedMain] o.s.web.context.ContextLoader            : Root WebApplicationContext: initialization completed in 1452 ms
2020-02-01 15:50:37.457  INFO 20440 --- [restartedMain] com.zaxxer.hikari.HikariDataSource       : HikariPool-1 - Starting...
2020-02-01 15:50:37.621  INFO 20440 --- [restartedMain] com.zaxxer.hikari.HikariDataSource       : HikariPool-1 - Start completed.
2020-02-01 15:50:37.628  INFO 20440 --- [restartedMain] o.s.b.a.h2.H2ConsoleAutoConfiguration    : H2 console available at '/h2-console'. Database available at 'jdbc:h2:~/community'
2020-02-01 15:50:38.241  INFO 20440 --- [restartedMain] o.s.s.concurrent.ThreadPoolTaskExecutor  : Initializing ExecutorService 'applicationTaskExecutor'
2020-02-01 15:50:38.311  INFO 20440 --- [restartedMain] o.s.b.a.w.s.WelcomePageHandlerMapping    : Adding welcome page template: index
2020-02-01 15:50:38.575  INFO 20440 --- [restartedMain] o.s.b.d.a.OptionalLiveReloadServer       : LiveReload server is running on port 35729
2020-02-01 15:50:38.631  INFO 20440 --- [restartedMain] o.s.b.w.embedded.tomcat.TomcatWebServer  : Tomcat started on port(s): 8887 (http) with context path ''
2020-02-01 15:50:38.634  INFO 20440 --- [restartedMain] l.t.community.CommunityApplication       : Started CommunityApplication in 3.231 seconds (JVM running for 4.548)
2020-02-01 15:51:23.517  INFO 20440 --- [http-nio-8887-exec-1] o.a.c.c.C.[Tomcat].[localhost].[/]       : Initializing Spring DispatcherServlet 'dispatcherServlet'
2020-02-01 15:51:23.518  INFO 20440 --- [http-nio-8887-exec-1] o.s.web.servlet.DispatcherServlet        : Initializing Servlet 'dispatcherServlet'
2020-02-01 15:51:23.525  INFO 20440 --- [http-nio-8887-exec-1] o.s.web.servlet.DispatcherServlet        : Completed initialization in 7 ms
